2024-02-08 11:36:45,156    level=INFO    user=mike                 ProjectName=project_mike                   msg='project_mike Project is created' 
2024-02-08 12:04:01,058    level=INFO    user=mike                 ProjectName=project_mike1                  msg='project_mike1 Project is created' 
2024-02-08 12:04:05,077    level=INFO    user=mike                 ProjectName=project_mike2                  msg='project_mike2 Project is created' 
2024-02-08 12:04:09,562    level=INFO    user=mike                 ProjectName=project_mike3                  msg='project_mike3 Project is created' 
2024-02-08 12:04:13,361    level=INFO    user=mike                 ProjectName=project_mike4                  msg='project_mike4 Project is created' 
2024-02-08 12:04:17,750    level=INFO    user=mike                 ProjectName=project_mike5                  msg='project_mike5 Project is created' 
2024-02-08 12:04:23,104    level=INFO    user=mike                 ProjectName=project_mike6                  msg='project_mike6 Project is created' 
2024-02-09 05:00:52,995    level=INFO    user=nisha                ProjectName=New one                        msg='New one Project is created' 
2024-02-09 11:52:15,236    level=INFO    user=nisha                ProjectID=101 ProjectName=NEW_23                         msg='NEW_23 Project is created' 
2024-02-09 11:53:21,962    level=INFO    user=nisha                ProjectID=102    ProjectName=OLD23                             msg='OLD23 Project is created' 
2024-02-09 11:54:06,683    level=INFO    user=nisha                ProjectID=103    ProjectName=POIUJ                         msg='POIUJ Project is created' 
2024-02-12 05:17:49,382 level=INFO user=nisha projectName=hello msg='hello created'  
2024-02-12 05:17:59,354 level=INFO user=nisha projectName=hello2 msg='hello2 created'  
2024-02-12 05:18:03,113 level=INFO user=nisha projectName=hello3 msg='hello3 created'  
2024-02-12 05:18:06,814 level=INFO user=nisha projectName=hello4 msg='hello4 created'  
2024-02-12 05:18:11,606 level=INFO user=nisha projectName=hello5 msg='hello5 created'  
2024-02-12 05:23:35,026 level=INFO user=nisha projectName=mike_pro msg=mike_pro created 
 
2024-02-12 05:23:43,616 level=INFO user=nisha projectName=mike_pro1 msg=mike_pro1 created  
2024-02-12 05:23:47,377 level=INFO user=nisha projectName=mike_pro2 msg=mike_pro2 created  
2024-02-12 05:23:51,222 level=INFO user=nisha projectName=mike_pro3 msg=mike_pro3 created  
2024-02-12 05:23:58,142 level=INFO user=nisha projectName=mike_pro4 msg=mike_pro4 created  
2024-02-12 05:24:03,525 level=INFO user=nisha projectName=mike_pro5 msg=mike_pro5 created  
2024-02-12 06:12:02,581 level=INFO user=nisha projectName=project23409 msg=project23409 created  
