2024-02-12 12:43:33,257 level=INFO user=niya project=default-colorful-garden msg=niya created 
2024-02-13 04:57:04,320 level=INFO user=mike23 project=default-sparkling-ocean msg=mike23 created 
2024-02-13 04:58:50,887 level=INFO user=llllllllll project=default-vibrant-ocean msg=llllllllll created 
2024-02-13 05:04:14,632 level=INFO user=niya project=default-colorful-harmony msg=niya created 
2024-02-13 05:09:36,326 level=INFO user=niya project=default-vibrant-ocean msg=niya created 
2024-02-13 05:13:20,323 level=INFO user=mmmmmmmmmm project=default-vibrant-garden msg=mmmmmmmmmm created 
2024-02-13 05:14:05,090 level=INFO user=this.push('/User-Management'); project=default-colorful-rainbow msg=this.push('/User-Management'); created 
2024-02-13 06:41:06,848 level=INFO user=jksdjdbhjd project=default-vibrant-garden msg=jksdjdbhjd created 
2024-02-13 06:50:37,085 level=INFO user=fdjk project=default-creative-ocean msg=fdjk created 
2024-02-13 07:01:23,428 level=INFO user=njfnjsjsfd project=default-vibrant-rainbow msg=njfnjsjsfd created 
2024-02-13 07:09:48,645 level=INFO user=bbbbbbbbbbbbbnnnnnnyyyyy project=default-vibrant-harmony msg=bbbbbbbbbbbbbnnnnnnyyyyy created 
2024-02-13 07:16:59,628 level=INFO user=hureeuryytrytreyyetetetrterytyr project=default-creative-garden msg=hureeuryytrytreyyetetetrterytyr created 
2024-02-13 07:17:36,057 level=INFO user=dfmndfnmhf project=default-colorful-ocean msg=dfmndfnmhf created 
2024-02-13 07:23:29,637 level=INFO user=uyrereuerytyytryiwiwtwet project=default-vibrant-unicorn msg=uyrereuerytyytryiwiwtwet created 
2024-02-13 07:34:20,031 level=INFO user=sbdfjsfdjdsfjfdahhfh project=default-creative-unicorn msg=sbdfjsfdjdsfjfdahhfh created 
2024-02-13 07:47:21,987 level=INFO user=sfdjkkfhhfk project=default-happy-harmony msg=sfdjkkfhhfk created 
2024-02-13 07:52:16,421 level=INFO user=dfjkdfjkahalkfj project=default-sparkling-harmony msg=dfjkdfjkahalkfj created 
2024-02-13 08:00:30,763 level=INFO user=sjdsdhfbhf project=default-happy-harmony msg=sjdsdhfbhf created 
2024-02-13 08:02:19,694 level=INFO user=ndsjsdjkfj project=default-sparkling-rainbow msg=ndsjsdjkfj created 
2024-02-13 10:09:02,107 level=INFO user=g project=default-vibrant-rainbow msg=g created 
2024-02-14 07:30:09,439 level=INFO user=ni project=default-vibrant-rainbow msg=ni created 
